<?xml version="1.0" encoding="UTF-8"?>
<coverage generated="1509637119920" clover="3.2.0">
  <project timestamp="1509637119920" name="All files">
    <metrics statements="3" coveredstatements="3" conditionals="0" coveredconditionals="0" methods="1" coveredmethods="1" elements="4" coveredelements="4" complexity="0" loc="3" ncloc="3" packages="1" files="1" classes="1">
      <file name="App.tsx" path="/Users/penguin/Workspace/notic/notic-mobile/src/App.tsx">
        <metrics statements="3" coveredstatements="3" conditionals="0" coveredconditionals="0" methods="1" coveredmethods="1"/>
        <line num="10" count="1" type="stmt"/>
        <line num="19" count="1" type="stmt"/>
        <line num="29" count="1" type="stmt"/>
      </file>
    </metrics>
  </project>
</coverage>
