{
  "/Users/penguin/Workspace/notic/notic-mobile/src/App.tsx": {
    "path": "/Users/penguin/Workspace/notic/notic-mobile/src/App.tsx",
    "statementMap": {
      "0": {
        "start": { "line": 10, "column": 21 },
        "end": { "line": 15, "column": 2 }
      },
      "1": {
        "start": { "line": 19, "column": 4 },
        "end": { "line": 25, "column": 6 }
      },
      "2": {
        "start": { "line": 29, "column": 15 },
        "end": { "line": 46, "column": 2 }
      }
    },
    "fnMap": {
      "0": {
        "name": "(anonymous_0)",
        "decl": {
          "start": { "line": 18, "column": 9 },
          "end": { "line": 18, "column": 14 }
        },
        "loc": {
          "start": { "line": 18, "column": 15 },
          "end": { "line": 26, "column": 3 }
        }
      }
    },
    "branchMap": {},
    "s": { "0": 1, "1": 1, "2": 1 },
    "f": { "0": 1 },
    "b": {}
  }
}
